<?xml version="1.0" encoding="UTF-8"?>
<testng-results skipped="0" failed="0" total="1" passed="1">
  <reporter-output>
  </reporter-output>
  <suite name="Default suite" duration-ms="783" started-at="2019-09-30T19:33:39Z" finished-at="2019-09-30T19:33:40Z">
    <groups>
    </groups>
    <test name="Default test" duration-ms="783" started-at="2019-09-30T19:33:39Z" finished-at="2019-09-30T19:33:40Z">
      <class name="com.qa.test.RestClientTest">
        <test-method status="PASS" signature="setUp()[pri:0, instance:com.qa.test.RestClientTest@3c756e4d]" name="setUp" is-config="true" duration-ms="8" started-at="2019-09-30T12:33:39Z" finished-at="2019-09-30T12:33:39Z">
          <reporter-output>
          </reporter-output>
        </test-method> <!-- setUp -->
        <test-method status="PASS" signature="getRequestWithoutHeaders()[pri:0, instance:com.qa.test.RestClientTest@3c756e4d]" name="getRequestWithoutHeaders" duration-ms="687" started-at="2019-09-30T12:33:39Z" finished-at="2019-09-30T12:33:40Z">
          <reporter-output>
          </reporter-output>
        </test-method> <!-- getRequestWithoutHeaders -->
      </class> <!-- com.qa.test.RestClientTest -->
    </test> <!-- Default test -->
  </suite> <!-- Default suite -->
</testng-results>
